Using pre-set license
Built from '2021.3/staging' branch; Version is '2021.3.31f1 (3409e2af086f) revision 3410402'; Using compiler version '192829333'; Build Type 'Release'
OS: 'Windows 10  (10.0.19045) 64bit Core' Language: 'en' Physical Memory: 16314 MB
BatchMode: 1, IsHumanControllingUs: 0, StartBugReporterOnCrash: 0, Is64bit: 1, IsPro: 1

COMMAND LINE ARGUMENTS:
C:\Program Files\Unity\Hub\Editor\2021.3.31f1\Editor\Unity.exe
-adb2
-batchMode
-noUpm
-name
AssetImportWorker0
-projectPath
C:/Users/Amund R/GEA_folder/GEA_folder_repo/GEA_folderTask
-logFile
Logs/AssetImportWorker0.log
-srvPort
54675
Successfully changed project path to: C:/Users/Amund R/GEA_folder/GEA_folder_repo/GEA_folderTask
C:/Users/Amund R/GEA_folder/GEA_folder_repo/GEA_folderTask
[UnityMemory] Configuration Parameters - Can be set up in boot.config
    "memorysetup-bucket-allocator-granularity=16"
    "memorysetup-bucket-allocator-bucket-count=8"
    "memorysetup-bucket-allocator-block-size=33554432"
    "memorysetup-bucket-allocator-block-count=8"
    "memorysetup-main-allocator-block-size=16777216"
    "memorysetup-thread-allocator-block-size=16777216"
    "memorysetup-gfx-main-allocator-block-size=16777216"
    "memorysetup-gfx-thread-allocator-block-size=16777216"
    "memorysetup-cache-allocator-block-size=4194304"
    "memorysetup-typetree-allocator-block-size=2097152"
    "memorysetup-profiler-bucket-allocator-granularity=16"
    "memorysetup-profiler-bucket-allocator-bucket-count=8"
    "memorysetup-profiler-bucket-allocator-block-size=33554432"
    "memorysetup-profiler-bucket-allocator-block-count=8"
    "memorysetup-profiler-allocator-block-size=16777216"
    "memorysetup-profiler-editor-allocator-block-size=1048576"
    "memorysetup-temp-allocator-size-main=16777216"
    "memorysetup-job-temp-allocator-block-size=2097152"
    "memorysetup-job-temp-allocator-block-size-background=1048576"
    "memorysetup-job-temp-allocator-reduction-small-platforms=262144"
    "memorysetup-temp-allocator-size-background-worker=32768"
    "memorysetup-temp-allocator-size-job-worker=262144"
    "memorysetup-temp-allocator-size-preload-manager=33554432"
    "memorysetup-temp-allocator-size-nav-mesh-worker=65536"
    "memorysetup-temp-allocator-size-audio-worker=65536"
    "memorysetup-temp-allocator-size-cloud-worker=32768"
    "memorysetup-temp-allocator-size-gi-baking-worker=262144"
    "memorysetup-temp-allocator-size-gfx=262144"
Player connection [13752] Host "[IP] 192.168.1.191 [Port] 0 [Flags] 2 [Guid] 3336799563 [EditorId] 3336799563 [Version] 1048832 [Id] WindowsEditor(7,DESKTOP-12E8EUI) [Debug] 1 [PackageName] WindowsEditor [ProjectName] Editor" joined multi-casting on [225.0.0.222:54997]...

Player connection [13752] Host "[IP] 192.168.1.191 [Port] 0 [Flags] 2 [Guid] 3336799563 [EditorId] 3336799563 [Version] 1048832 [Id] WindowsEditor(7,DESKTOP-12E8EUI) [Debug] 1 [PackageName] WindowsEditor [ProjectName] Editor" joined alternative multi-casting on [225.0.0.222:34997]...

[Physics::Module] Initialized MultithreadedJobDispatcher with {0} workers.
Refreshing native plugins compatible for Editor in 77.48 ms, found 3 plugins.
Preloading 0 native plugins for Editor in 0.00 ms.
Initialize engine version: 2021.3.31f1 (3409e2af086f)
[Subsystems] Discovering subsystems at path C:/Program Files/Unity/Hub/Editor/2021.3.31f1/Editor/Data/Resources/UnitySubsystems
[Subsystems] Discovering subsystems at path C:/Users/Amund R/GEA_folder/GEA_folder_repo/GEA_folderTask/Assets
GfxDevice: creating device client; threaded=0; jobified=0
Direct3D:
    Version:  Direct3D 11.0 [level 11.1]
    Renderer: NVIDIA GeForce RTX 2070 (ID=0x1f07)
    Vendor:   NVIDIA
    VRAM:     8019 MB
    Driver:   31.0.15.3699
Initialize mono
Mono path[0] = 'C:/Program Files/Unity/Hub/Editor/2021.3.31f1/Editor/Data/Managed'
Mono path[1] = 'C:/Program Files/Unity/Hub/Editor/2021.3.31f1/Editor/Data/MonoBleedingEdge/lib/mono/unityjit-win32'
Mono config path = 'C:/Program Files/Unity/Hub/Editor/2021.3.31f1/Editor/Data/MonoBleedingEdge/etc'
Using monoOptions --debugger-agent=transport=dt_socket,embedding=1,server=y,suspend=n,address=127.0.0.1:56268
Begin MonoManager ReloadAssembly
Registering precompiled unity dll's ...
Register platform support module: C:/Program Files/Unity/Hub/Editor/2021.3.31f1/Editor/Data/PlaybackEngines/WindowsStandaloneSupport/UnityEditor.WindowsStandalone.Extensions.dll
Registered in 0.010193 seconds.
Native extension for WindowsStandalone target not found
Refreshing native plugins compatible for Editor in 74.07 ms, found 3 plugins.
Preloading 0 native plugins for Editor in 0.00 ms.
Mono: successfully reloaded assembly
- Completed reload, in  0.769 seconds
Domain Reload Profiling:
	ReloadAssembly (770ms)
		BeginReloadAssembly (131ms)
			ExecutionOrderSort (0ms)
			DisableScriptedObjects (0ms)
			BackupInstance (0ms)
			ReleaseScriptingObjects (0ms)
			CreateAndSetChildDomain (1ms)
		EndReloadAssembly (516ms)
			LoadAssemblies (128ms)
			RebuildTransferFunctionScriptingTraits (0ms)
			SetupTypeCache (126ms)
			ReleaseScriptCaches (0ms)
			RebuildScriptCaches (31ms)
			SetupLoadedEditorAssemblies (308ms)
				LogAssemblyErrors (0ms)
				InitializePlatformSupportModulesInManaged (10ms)
				SetLoadedEditorAssemblies (0ms)
				RefreshPlugins (74ms)
				BeforeProcessingInitializeOnLoad (2ms)
				ProcessInitializeOnLoadAttributes (164ms)
				ProcessInitializeOnLoadMethodAttributes (58ms)
				AfterProcessingInitializeOnLoad (0ms)
				EditorAssembliesLoaded (0ms)
			ExecutionOrderSort2 (0ms)
			AwakeInstancesAfterBackupRestoration (0ms)
Platform modules already initialized, skipping
Registering precompiled user dll's ...
Registered in 0.014219 seconds.
Begin MonoManager ReloadAssembly
Symbol file LoadedFromMemory doesn't match image C:\Users\Amund R\GEA_folder\GEA_folder_repo\GEA_folderTask\Library\PackageCache\com.unity.visualscripting@1.8.0\Editor\VisualScripting.Core\Dependencies\YamlDotNet\Unity.VisualScripting.YamlDotNet.dll
Symbol file LoadedFromMemory doesn't match image C:\Users\Amund R\GEA_folder\GEA_folder_repo\GEA_folderTask\Library\PackageCache\com.unity.visualscripting@1.8.0\Editor\VisualScripting.Core\Dependencies\DotNetZip\Unity.VisualScripting.IonicZip.dll
Native extension for WindowsStandalone target not found
Refreshing native plugins compatible for Editor in 2.01 ms, found 3 plugins.
Preloading 0 native plugins for Editor in 0.00 ms.
Mono: successfully reloaded assembly
- Completed reload, in  2.132 seconds
Domain Reload Profiling:
	ReloadAssembly (2133ms)
		BeginReloadAssembly (268ms)
			ExecutionOrderSort (0ms)
			DisableScriptedObjects (24ms)
			BackupInstance (0ms)
			ReleaseScriptingObjects (0ms)
			CreateAndSetChildDomain (33ms)
		EndReloadAssembly (1660ms)
			LoadAssemblies (183ms)
			RebuildTransferFunctionScriptingTraits (0ms)
			SetupTypeCache (584ms)
			ReleaseScriptCaches (1ms)
			RebuildScriptCaches (108ms)
			SetupLoadedEditorAssemblies (757ms)
				LogAssemblyErrors (0ms)
				InitializePlatformSupportModulesInManaged (14ms)
				SetLoadedEditorAssemblies (1ms)
				RefreshPlugins (2ms)
				BeforeProcessingInitializeOnLoad (212ms)
				ProcessInitializeOnLoadAttributes (460ms)
				ProcessInitializeOnLoadMethodAttributes (44ms)
				AfterProcessingInitializeOnLoad (23ms)
				EditorAssembliesLoaded (0ms)
			ExecutionOrderSort2 (0ms)
			AwakeInstancesAfterBackupRestoration (11ms)
Platform modules already initialized, skipping
========================================================================
Worker process is ready to serve import requests
Launched and connected shader compiler UnityShaderCompiler.exe after 0.17 seconds
Refreshing native plugins compatible for Editor in 1.24 ms, found 3 plugins.
Preloading 0 native plugins for Editor in 0.00 ms.
Unloading 3184 Unused Serialized files (Serialized files now loaded: 0)
Unloading 27 unused Assets / (47.0 KB). Loaded Objects now: 3641.
Memory consumption went from 113.4 MB to 113.4 MB.
Total: 6.786300 ms (FindLiveObjects: 0.582300 ms CreateObjectMapping: 0.283100 ms MarkObjects: 5.753400 ms  DeleteObjects: 0.165500 ms)

AssetImportParameters requested are different than current active one (requested -> active):
  custom:video-decoder-ogg-theora: a1e56fd34408186e4bbccfd4996cb3dc -> 
  custom:container-muxer-webm: aa71ff27fc2769a1b78a27578f13a17b -> 
  custom:container-demuxer-webm: 4f35f7cbe854078d1ac9338744f61a02 -> 
  custom:video-encoder-webm-vp8: eb34c28f22e8b96e1ab97ce403110664 -> 
  custom:video-codec-MediaFoundation-h265: 746d11721c4dcdbdad8f713fa42b33f4 -> 
  custom:CustomObjectIndexerAttribute: bc11b3a6c3213fcdd17b65e7da85e133 -> 
  custom:audio-encoder-webm-vorbis: bf7c407c2cedff20999df2af8eb42d56 -> 
  custom:framework-win-MediaFoundation: 216162199b28c13a410421893ffa2e32 -> 
  custom:SearchIndexIgnoredProperties: e643bd26f0fe6173181afceb89e7c659 -> 
  custom:container-demuxer-ogg: 62fdf1f143b41e24485cea50d1cbac27 -> 
  custom:video-decoder-webm-vp8: 9c59270c3fd7afecdb556c50c9e8de78 -> 
  custom:audio-decoder-ogg-vorbis: bf7c407c2cedff20999df2af8eb42d56 -> 
========================================================================
Received Import Request.
  Time since last request: 552778.536899 seconds.
  path: Assets/GeneticManager.cs
  artifactKey: Guid(c4513cb3cdb89d44e86992dd5a986982) Importer(815301076,1909f56bfc062723c751e8b465ee728b)
Number of updated assets reloaded before import = 0
Start importing Assets/GeneticManager.cs using Guid(c4513cb3cdb89d44e86992dd5a986982) Importer(815301076,1909f56bfc062723c751e8b465ee728b)  -> (artifact id: '37272d9e2d88ec13e92f110e764791a1') in 0.045073 seconds 
Number of asset objects unloaded after import = 0
========================================================================
Received Import Request.
  Time since last request: 2.661495 seconds.
  path: Assets/GeneticManager.cs
  artifactKey: Guid(c4513cb3cdb89d44e86992dd5a986982) Importer(815301076,1909f56bfc062723c751e8b465ee728b)
Number of updated assets reloaded before import = 0
Start importing Assets/GeneticManager.cs using Guid(c4513cb3cdb89d44e86992dd5a986982) Importer(815301076,1909f56bfc062723c751e8b465ee728b)  -> (artifact id: '030dabcaa6482c8a9c095c68ded3e369') in 0.001869 seconds 
Number of asset objects unloaded after import = 0
========================================================================
Received Import Request.
  Time since last request: 102.395287 seconds.
  path: Assets/GeneticManager.cs
  artifactKey: Guid(c4513cb3cdb89d44e86992dd5a986982) Importer(815301076,1909f56bfc062723c751e8b465ee728b)
Number of updated assets reloaded before import = 0
Start importing Assets/GeneticManager.cs using Guid(c4513cb3cdb89d44e86992dd5a986982) Importer(815301076,1909f56bfc062723c751e8b465ee728b)  -> (artifact id: '0175b81d2e34312bbc08273af2b45df5') in 0.001785 seconds 
Number of asset objects unloaded after import = 0
========================================================================
Received Import Request.
  Time since last request: 82.046040 seconds.
  path: Assets/GeneticManager.cs
  artifactKey: Guid(c4513cb3cdb89d44e86992dd5a986982) Importer(815301076,1909f56bfc062723c751e8b465ee728b)
Number of updated assets reloaded before import = 0
Start importing Assets/GeneticManager.cs using Guid(c4513cb3cdb89d44e86992dd5a986982) Importer(815301076,1909f56bfc062723c751e8b465ee728b)  -> (artifact id: 'f6adc57b55546abc9a9d2bbbb493d03c') in 0.002144 seconds 
Number of asset objects unloaded after import = 0
========================================================================
Received Import Request.
  Time since last request: 194.535300 seconds.
  path: Assets/TrackManager.cs
  artifactKey: Guid(4db3eda7d191c4747ac4d3bf3838e1e6) Importer(815301076,1909f56bfc062723c751e8b465ee728b)
Number of updated assets reloaded before import = 0
Start importing Assets/TrackManager.cs using Guid(4db3eda7d191c4747ac4d3bf3838e1e6) Importer(815301076,1909f56bfc062723c751e8b465ee728b)  -> (artifact id: 'f41a10e2a585f93ee0393d432d3a82e9') in 0.002389 seconds 
Number of asset objects unloaded after import = 0
========================================================================
Received Import Request.
  Time since last request: 45.417255 seconds.
  path: Assets/GameStateManager.cs
  artifactKey: Guid(f3b6390feb8026f4f9fee806d379b3b9) Importer(815301076,1909f56bfc062723c751e8b465ee728b)
Number of updated assets reloaded before import = 0
Start importing Assets/GameStateManager.cs using Guid(f3b6390feb8026f4f9fee806d379b3b9) Importer(815301076,1909f56bfc062723c751e8b465ee728b)  -> (artifact id: '0629b2e2f606ef605f4afcb5f8addf36') in 0.002039 seconds 
Number of asset objects unloaded after import = 0
========================================================================
Received Import Request.
  Time since last request: 31.884436 seconds.
  path: Assets/GeneticAlgo.cs
  artifactKey: Guid(02aba80f23a10704b90311a70ca404aa) Importer(815301076,1909f56bfc062723c751e8b465ee728b)
Number of updated assets reloaded before import = 0
Start importing Assets/GeneticAlgo.cs using Guid(02aba80f23a10704b90311a70ca404aa) Importer(815301076,1909f56bfc062723c751e8b465ee728b)  -> (artifact id: '3d04b64fd9ec04de9a4da5b4e94e9726') in 0.001959 seconds 
Number of asset objects unloaded after import = 0
========================================================================
Received Import Request.
  Time since last request: 0.366563 seconds.
  path: Assets/GeneticManager.cs
  artifactKey: Guid(c4513cb3cdb89d44e86992dd5a986982) Importer(815301076,1909f56bfc062723c751e8b465ee728b)
Number of updated assets reloaded before import = 0
Start importing Assets/GeneticManager.cs using Guid(c4513cb3cdb89d44e86992dd5a986982) Importer(815301076,1909f56bfc062723c751e8b465ee728b)  -> (artifact id: 'd0e7beb9c2ed048c2e44987aed181348') in 0.001775 seconds 
Number of asset objects unloaded after import = 0
========================================================================
Received Import Request.
  Time since last request: 83.926294 seconds.
  path: Assets/CarController.cs
  artifactKey: Guid(54d6e2f7190859547af73de1e12df176) Importer(815301076,1909f56bfc062723c751e8b465ee728b)
Number of updated assets reloaded before import = 0
Start importing Assets/CarController.cs using Guid(54d6e2f7190859547af73de1e12df176) Importer(815301076,1909f56bfc062723c751e8b465ee728b)  -> (artifact id: 'e30a5473fd45280a28ec9966149b0a72') in 0.002312 seconds 
Number of asset objects unloaded after import = 0
========================================================================
Received Import Request.
  Time since last request: 145.906169 seconds.
  path: Assets/CarController.cs
  artifactKey: Guid(54d6e2f7190859547af73de1e12df176) Importer(815301076,1909f56bfc062723c751e8b465ee728b)
Number of updated assets reloaded before import = 0
Start importing Assets/CarController.cs using Guid(54d6e2f7190859547af73de1e12df176) Importer(815301076,1909f56bfc062723c751e8b465ee728b)  -> (artifact id: 'cc3f22b48887707d9b3e06c51b4f86b2') in 0.002190 seconds 
Number of asset objects unloaded after import = 0
========================================================================
Received Import Request.
  Time since last request: 303.851724 seconds.
  path: Assets/CarController.cs
  artifactKey: Guid(54d6e2f7190859547af73de1e12df176) Importer(815301076,1909f56bfc062723c751e8b465ee728b)
Number of updated assets reloaded before import = 0
Start importing Assets/CarController.cs using Guid(54d6e2f7190859547af73de1e12df176) Importer(815301076,1909f56bfc062723c751e8b465ee728b)  -> (artifact id: 'f2d387b8096d8241cccbf203e8706a07') in 0.001860 seconds 
Number of asset objects unloaded after import = 0
========================================================================
Received Import Request.
  Time since last request: 88.757184 seconds.
  path: Assets/CarController.cs
  artifactKey: Guid(54d6e2f7190859547af73de1e12df176) Importer(815301076,1909f56bfc062723c751e8b465ee728b)
Number of updated assets reloaded before import = 0
Start importing Assets/CarController.cs using Guid(54d6e2f7190859547af73de1e12df176) Importer(815301076,1909f56bfc062723c751e8b465ee728b)  -> (artifact id: 'df68edde280f50a3a845a2616726f7bc') in 0.002109 seconds 
Number of asset objects unloaded after import = 0
========================================================================
Received Import Request.
  Time since last request: 13.107128 seconds.
  path: Assets/CarController.cs
  artifactKey: Guid(54d6e2f7190859547af73de1e12df176) Importer(815301076,1909f56bfc062723c751e8b465ee728b)
Number of updated assets reloaded before import = 0
Start importing Assets/CarController.cs using Guid(54d6e2f7190859547af73de1e12df176) Importer(815301076,1909f56bfc062723c751e8b465ee728b)  -> (artifact id: '29bde93351a8f1da40defeb0e6a32da4') in 0.001625 seconds 
Number of asset objects unloaded after import = 0
========================================================================
Received Import Request.
  Time since last request: 41.419961 seconds.
  path: Assets/CarController.cs
  artifactKey: Guid(54d6e2f7190859547af73de1e12df176) Importer(815301076,1909f56bfc062723c751e8b465ee728b)
Number of updated assets reloaded before import = 0
Start importing Assets/CarController.cs using Guid(54d6e2f7190859547af73de1e12df176) Importer(815301076,1909f56bfc062723c751e8b465ee728b)  -> (artifact id: 'f112c4ba7cdffa1231bbd708796dad8e') in 0.001675 seconds 
Number of asset objects unloaded after import = 0
========================================================================
Received Import Request.
  Time since last request: 218.255506 seconds.
  path: Assets/CarController.cs
  artifactKey: Guid(54d6e2f7190859547af73de1e12df176) Importer(815301076,1909f56bfc062723c751e8b465ee728b)
Number of updated assets reloaded before import = 0
Start importing Assets/CarController.cs using Guid(54d6e2f7190859547af73de1e12df176) Importer(815301076,1909f56bfc062723c751e8b465ee728b)  -> (artifact id: '409fd47710311a7ec2bf3300473c0441') in 0.002095 seconds 
Number of asset objects unloaded after import = 0
========================================================================
Received Import Request.
  Time since last request: 8233.325994 seconds.
  path: Packages/com.unity.cinemachine
  artifactKey: Guid(c19eb9a4b328654bd4ca551e1c34b76c) Importer(815301076,1909f56bfc062723c751e8b465ee728b)
Number of updated assets reloaded before import = 0
Start importing Packages/com.unity.cinemachine using Guid(c19eb9a4b328654bd4ca551e1c34b76c) Importer(815301076,1909f56bfc062723c751e8b465ee728b)  -> (artifact id: '00000000000000000000000000000000') in 0.008960 seconds  code(5) message(Build asset version error: packages/com.unity.cinemachine.meta does not exit in SourceAssetDB)
  ERROR: Build asset version error: packages/com.unity.cinemachine.meta does not exit in SourceAssetDB
Number of asset objects unloaded after import = 0
========================================================================
Received Import Request.
  Time since last request: 0.656614 seconds.
  path: Packages/com.unity.cinemachine/package.json
  artifactKey: Guid(7d93e7b7399fbe64790358e67fc94b18) Importer(815301076,1909f56bfc062723c751e8b465ee728b)
Number of updated assets reloaded before import = 0
Start importing Packages/com.unity.cinemachine/package.json using Guid(7d93e7b7399fbe64790358e67fc94b18) Importer(815301076,1909f56bfc062723c751e8b465ee728b)  -> (artifact id: '00000000000000000000000000000000') in 0.112208 seconds  code(4) message(Build asset version error: packages/com.unity.cinemachine/package.json in SourceAssetDB has modification time of '2023-09-27T08:46:44Z' while content on disk has modification time of '0001-01-01T00:00:00Z')
  ERROR: Build asset version error: packages/com.unity.cinemachine/package.json in SourceAssetDB has modification time of '2023-09-27T08:46:44Z' while content on disk has modification time of '0001-01-01T00:00:00Z'
Number of asset objects unloaded after import = 0
========================================================================
Received Import Request.
  Time since last request: 3.180941 seconds.
  path: Packages/com.unity.cinemachine/Gizmos
  artifactKey: Guid(d9ca844c06be1ab40a3f7fc9e3c42c55) Importer(815301076,1909f56bfc062723c751e8b465ee728b)
Number of updated assets reloaded before import = 0
Start importing Packages/com.unity.cinemachine/Gizmos using Guid(d9ca844c06be1ab40a3f7fc9e3c42c55) Importer(815301076,1909f56bfc062723c751e8b465ee728b)  -> (artifact id: '00000000000000000000000000000000') in 0.000341 seconds  code(4) message(Build asset version error: packages/com.unity.cinemachine/gizmos.meta in SourceAssetDB has modification time of '2023-09-27T08:46:44Z' while content on disk has modification time of '0001-01-01T00:00:00Z')
  ERROR: Build asset version error: packages/com.unity.cinemachine/gizmos.meta in SourceAssetDB has modification time of '2023-09-27T08:46:44Z' while content on disk has modification time of '0001-01-01T00:00:00Z'
Number of asset objects unloaded after import = 0
========================================================================
Received Import Request.
  Time since last request: 0.096592 seconds.
  path: Packages/com.unity.cinemachine/Gizmos/cm_logo.png
  artifactKey: Guid(b8ba3923a6094cd48b85425f47fd7450) Importer(815301076,1909f56bfc062723c751e8b465ee728b)
Number of updated assets reloaded before import = 0
Start importing Packages/com.unity.cinemachine/Gizmos/cm_logo.png using Guid(b8ba3923a6094cd48b85425f47fd7450) Importer(815301076,1909f56bfc062723c751e8b465ee728b)  -> (artifact id: '00000000000000000000000000000000') in 0.120048 seconds  code(4) message(Build asset version error: packages/com.unity.cinemachine/gizmos/cm_logo.png in SourceAssetDB has modification time of '2023-09-27T08:46:44Z' while content on disk has modification time of '0001-01-01T00:00:00Z')
  ERROR: Build asset version error: packages/com.unity.cinemachine/gizmos/cm_logo.png in SourceAssetDB has modification time of '2023-09-27T08:46:44Z' while content on disk has modification time of '0001-01-01T00:00:00Z'
Number of asset objects unloaded after import = 0
========================================================================
Received Import Request.
  Time since last request: 5.071313 seconds.
  path: Packages/com.unity.cinemachine/Editor
  artifactKey: Guid(d8623b6a09cb5ab4ea2c51347a3a074c) Importer(815301076,1909f56bfc062723c751e8b465ee728b)
Number of updated assets reloaded before import = 0
Start importing Packages/com.unity.cinemachine/Editor using Guid(d8623b6a09cb5ab4ea2c51347a3a074c) Importer(815301076,1909f56bfc062723c751e8b465ee728b)  -> (artifact id: '00000000000000000000000000000000') in 0.000360 seconds  code(4) message(Build asset version error: packages/com.unity.cinemachine/editor.meta in SourceAssetDB has modification time of '2023-09-27T08:46:44Z' while content on disk has modification time of '0001-01-01T00:00:00Z')
  ERROR: Build asset version error: packages/com.unity.cinemachine/editor.meta in SourceAssetDB has modification time of '2023-09-27T08:46:44Z' while content on disk has modification time of '0001-01-01T00:00:00Z'
Number of asset objects unloaded after import = 0
========================================================================
Received Import Request.
  Time since last request: 0.094573 seconds.
  path: Packages/com.unity.cinemachine/Editor/com.unity.cinemachine.Editor.asmdef
  artifactKey: Guid(ba8c092d026123a418fb4bfb797a7bd8) Importer(815301076,1909f56bfc062723c751e8b465ee728b)
Number of updated assets reloaded before import = 0
Start importing Packages/com.unity.cinemachine/Editor/com.unity.cinemachine.Editor.asmdef using Guid(ba8c092d026123a418fb4bfb797a7bd8) Importer(815301076,1909f56bfc062723c751e8b465ee728b)  -> (artifact id: '00000000000000000000000000000000') in 0.002130 seconds  code(4) message(Build asset version error: packages/com.unity.cinemachine/editor/com.unity.cinemachine.editor.asmdef in SourceAssetDB has modification time of '2023-09-27T08:46:44Z' while content on disk has modification time of '0001-01-01T00:00:00Z')
  ERROR: Build asset version error: packages/com.unity.cinemachine/editor/com.unity.cinemachine.editor.asmdef in SourceAssetDB has modification time of '2023-09-27T08:46:44Z' while content on disk has modification time of '0001-01-01T00:00:00Z'
Number of asset objects unloaded after import = 0
Editor requested this worker to shutdown with reason: Scaling down because of idle timeout
AssetImportWorker is now disconnected from the server
Process exiting
Exiting without the bug reporter. Application will terminate with return code 0